<?xml version="1.0" encoding="UTF-8"?>
<!-- Generated by org.testng.reporters.JUnitReportReporter -->
<testsuite skipped="0" hostname="DESKTOP-GG1MRP8" name="weekone.PancardApply" tests="1" failures="0" timestamp="12 Feb 2021 05:40:43 GMT" time="11.976" errors="0">
  <testcase name="NewPanCardApply" time="11.976" classname="weekone.PancardApply"/>
</testsuite> <!-- weekone.PancardApply -->
