<?xml version="1.0" encoding="UTF-8"?>
<!-- Generated by org.testng.reporters.JUnitReportReporter -->
<testsuite skipped="0" hostname="DESKTOP-GG1MRP8" name="weekone.FacebookSignup" tests="1" failures="0" timestamp="12 Feb 2021 05:48:56 GMT" time="13.671" errors="0">
  <testcase name="fb" time="13.671" classname="weekone.FacebookSignup"/>
</testsuite> <!-- weekone.FacebookSignup -->
