<?xml version="1.0" encoding="UTF-8"?>
<!-- Generated by org.testng.reporters.JUnitReportReporter -->
<testsuite skipped="0" hostname="DESKTOP-GG1MRP8" name="weekone.FacebookSignup" tests="1" failures="0" timestamp="27 Feb 2021 04:04:04 GMT" time="31.748" errors="0">
  <testcase name="fb" time="31.748" classname="weekone.FacebookSignup"/>
</testsuite> <!-- weekone.FacebookSignup -->
