<?xml version="1.0" encoding="UTF-8"?>
<!-- Generated by org.testng.reporters.JUnitReportReporter -->
<testsuite skipped="0" hostname="DESKTOP-GG1MRP8" name="weekone.FacebookSignup" tests="1" failures="0" timestamp="15 Feb 2021 12:39:08 GMT" time="16.559" errors="0">
  <testcase name="fb" time="16.559" classname="weekone.FacebookSignup"/>
</testsuite> <!-- weekone.FacebookSignup -->
