<?xml version="1.0" encoding="UTF-8"?>
<!-- Generated by org.testng.reporters.JUnitReportReporter -->
<testsuite skipped="0" hostname="DESKTOP-GG1MRP8" name="weekone.IndianfrroSignup" tests="1" failures="0" timestamp="27 Feb 2021 04:04:03 GMT" time="10.529" errors="0">
  <testcase name="FormC" time="10.529" classname="weekone.IndianfrroSignup"/>
</testsuite> <!-- weekone.IndianfrroSignup -->
