<?xml version="1.0" encoding="UTF-8"?>
<!-- Generated by org.testng.reporters.JUnitReportReporter -->
<testsuite skipped="0" hostname="DESKTOP-GG1MRP8" name="weekone.IndianfrroSignup" tests="1" failures="0" timestamp="15 Feb 2021 12:39:08 GMT" time="7.436" errors="0">
  <testcase name="FormC" time="7.436" classname="weekone.IndianfrroSignup"/>
</testsuite> <!-- weekone.IndianfrroSignup -->
